This file contains any messages produced by compilers while
running configure, to aid debugging if configure makes a mistake.

It was created by configure, which was
generated by GNU Autoconf 2.59.  Invocation command line was

  $ ./configure --with-hdf5=/Users/mdaniels/packages/hdf5

## --------- ##
## Platform. ##
## --------- ##

hostname = flux.lanl.gov
uname -m = i386
uname -r = 9.5.0
uname -s = Darwin
uname -v = Darwin Kernel Version 9.5.0: Wed Sep  3 11:29:43 PDT 2008; root:xnu-1228.7.58~1/RELEASE_I386

/usr/bin/uname -p = i386
/bin/uname -X     = unknown

/bin/arch              = unknown
/usr/bin/arch -k       = unknown
/usr/convex/getsysinfo = unknown
hostinfo               = Mach kernel version:
	 Darwin Kernel Version 9.5.0: Wed Sep  3 11:29:43 PDT 2008; root:xnu-1228.7.58~1/RELEASE_I386
Kernel configured for up to 4 processors.
4 processors are physically available.
4 processors are logically available.
Processor type: i486 (Intel 80486)
Processors active: 0 1 2 3
Primary memory available: 16.00 gigabytes
Default processor set: 102 tasks, 265 threads, 4 processors
Load average: 4.40, Mach factor: 0.30
/bin/machine           = unknown
/usr/bin/oslevel       = unknown
/bin/universe          = unknown

PATH: /Users/mdaniels/packages/gcc/bin
PATH: /usr/bin
PATH: /Users/mdaniels/packages/breve/bin
PATH: /opt/intel/cc/10.0.016/bin
PATH: /Users/mdaniels/packages/openmpi/bin
PATH: /Users/mdaniels/packages/bin
PATH: /usr/local/bin
PATH: /Users/mdaniels/packages/gcc/bin
PATH: /Users/mdaniels/packages/breve/bin
PATH: /opt/intel/cc/10.0.016/bin
PATH: /Users/mdaniels/packages/openmpi/bin
PATH: /sw/bin
PATH: /sw/sbin
PATH: /Users/mdaniels/packages/bin
PATH: /usr/local/bin
PATH: /Users/mdaniels/packages/gcc/bin
PATH: /usr/bin
PATH: /bin
PATH: /usr/sbin
PATH: /sbin
PATH: /usr/local/bin
PATH: /usr/X11/bin
PATH: /Users/mdaniels/bin
PATH: /usr/X11R6/bin
PATH: /Users/mdaniels/bin


## ----------- ##
## Core tests. ##
## ----------- ##

configure:1297: checking for gcc
configure:1323: result: gcc -m64
configure:1567: checking for C compiler version
configure:1570: gcc -m64 --version </dev/null >&5
gcc (GCC) 4.4.0 20081116 (experimental)
Copyright (C) 2008 Free Software Foundation, Inc.
This is free software; see the source for copying conditions.  There is NO
warranty; not even for MERCHANTABILITY or FITNESS FOR A PARTICULAR PURPOSE.

configure:1573: $? = 0
configure:1575: gcc -m64 -v </dev/null >&5
Using built-in specs.
Target: i386-apple-darwin9.5.0
Configured with: ../../src/gcc/configure --prefix=/Users/mdaniels/packages/gcc --srcdir=/Volumes/Untitled/src/gcc --with-gmp=/Users/mdaniels/packages/gcc --with-mpfr=/Users/mdaniels/packages/gcc
Thread model: posix
gcc version 4.4.0 20081116 (experimental) (GCC) 
configure:1578: $? = 0
configure:1580: gcc -m64 -V </dev/null >&5
gcc: '-V' must come at the start of the command line
configure:1583: $? = 1
configure:1606: checking for C compiler default output file name
configure:1609: gcc -m64    conftest.c  >&5
configure:1612: $? = 0
configure:1658: result: a.out
configure:1663: checking whether the C compiler works
configure:1669: ./a.out
configure:1672: $? = 0
configure:1689: result: yes
configure:1696: checking whether we are cross compiling
configure:1698: result: no
configure:1701: checking for suffix of executables
configure:1703: gcc -m64 -o conftest    conftest.c  >&5
configure:1706: $? = 0
configure:1731: result: 
configure:1737: checking for suffix of object files
configure:1758: gcc -m64 -c   conftest.c >&5
configure:1761: $? = 0
configure:1783: result: o
configure:1787: checking whether we are using the GNU C compiler
configure:1811: gcc -m64 -c   conftest.c >&5
configure:1817: $? = 0
configure:1821: test -z 
			 || test ! -s conftest.err
configure:1824: $? = 0
configure:1827: test -s conftest.o
configure:1830: $? = 0
configure:1843: result: yes
configure:1849: checking whether gcc -m64 accepts -g
configure:1870: gcc -m64 -c -g  conftest.c >&5
configure:1876: $? = 0
configure:1880: test -z 
			 || test ! -s conftest.err
configure:1883: $? = 0
configure:1886: test -s conftest.o
configure:1889: $? = 0
configure:1900: result: yes
configure:1917: checking for gcc -m64 option to accept ANSI C
configure:1987: gcc -m64  -c -g -O2  conftest.c >&5
configure:1993: $? = 0
configure:1997: test -z 
			 || test ! -s conftest.err
configure:2000: $? = 0
configure:2003: test -s conftest.o
configure:2006: $? = 0
configure:2024: result: none needed
configure:2042: gcc -m64 -c -g -O2  conftest.c >&5
conftest.c:2: error: expected '=', ',', ';', 'asm' or '__attribute__' before 'me'
configure:2048: $? = 1
configure: failed program was:
| #ifndef __cplusplus
|   choke me
| #endif
configure:2214: checking for library containing inflate
configure:2244: gcc -m64 -o conftest -g -O2  -I/Users/mdaniels/packages/hdf5/include  -L/Users/mdaniels/packages/hdf5/lib   conftest.c -lm >&5
Undefined symbols:
  "_inflate", referenced from:
      _main in ccQngiki.o
ld: symbol(s) not found
collect2: ld returned 1 exit status
configure:2250: $? = 1
configure: failed program was:
| /* confdefs.h.  */
| 
| #define PACKAGE_NAME ""
| #define PACKAGE_TARNAME ""
| #define PACKAGE_VERSION ""
| #define PACKAGE_STRING ""
| #define PACKAGE_BUGREPORT ""
| /* end confdefs.h.  */
| 
| /* Override any gcc2 internal prototype to avoid an error.  */
| #ifdef __cplusplus
| extern "C"
| #endif
| /* We use char because int might match the return type of a gcc2
|    builtin and then its argument prototype would still apply.  */
| char inflate ();
| int
| main ()
| {
| inflate ();
|   ;
|   return 0;
| }
configure:2299: gcc -m64 -o conftest -g -O2  -I/Users/mdaniels/packages/hdf5/include  -L/Users/mdaniels/packages/hdf5/lib   conftest.c -lz  -lm >&5
configure:2305: $? = 0
configure:2309: test -z 
			 || test ! -s conftest.err
configure:2312: $? = 0
configure:2315: test -s conftest
configure:2318: $? = 0
configure:2333: result: -lz
configure:2342: checking for library containing H5open
configure:2372: gcc -m64 -o conftest -g -O2  -I/Users/mdaniels/packages/hdf5/include  -L/Users/mdaniels/packages/hdf5/lib   conftest.c -lz -lm >&5
Undefined symbols:
  "_H5open", referenced from:
      _main in ccpdJrH1.o
ld: symbol(s) not found
collect2: ld returned 1 exit status
configure:2378: $? = 1
configure: failed program was:
| /* confdefs.h.  */
| 
| #define PACKAGE_NAME ""
| #define PACKAGE_TARNAME ""
| #define PACKAGE_VERSION ""
| #define PACKAGE_STRING ""
| #define PACKAGE_BUGREPORT ""
| /* end confdefs.h.  */
| 
| /* Override any gcc2 internal prototype to avoid an error.  */
| #ifdef __cplusplus
| extern "C"
| #endif
| /* We use char because int might match the return type of a gcc2
|    builtin and then its argument prototype would still apply.  */
| char H5open ();
| int
| main ()
| {
| H5open ();
|   ;
|   return 0;
| }
configure:2427: gcc -m64 -o conftest -g -O2  -I/Users/mdaniels/packages/hdf5/include  -L/Users/mdaniels/packages/hdf5/lib   conftest.c -lhdf5  -lz -lm >&5
configure:2433: $? = 0
configure:2437: test -z 
			 || test ! -s conftest.err
configure:2440: $? = 0
configure:2443: test -s conftest
configure:2446: $? = 0
configure:2461: result: -lhdf5
configure:2478: checking for sufficiently new HDF5
configure:2497: gcc -m64 -o conftest -g -O2  -I/Users/mdaniels/packages/hdf5/include  -L/Users/mdaniels/packages/hdf5/lib   conftest.c -lhdf5 -lz -lm >&5
configure:2503: $? = 0
configure:2507: test -z 
			 || test ! -s conftest.err
configure:2510: $? = 0
configure:2513: test -s conftest
configure:2516: $? = 0
configure:2527: result: yes
configure:2669: creating ./config.status

## ---------------------- ##
## Running config.status. ##
## ---------------------- ##

This file was extended by config.status, which was
generated by GNU Autoconf 2.59.  Invocation command line was

  CONFIG_FILES    = 
  CONFIG_HEADERS  = 
  CONFIG_LINKS    = 
  CONFIG_COMMANDS = 
  $ ./config.status 

on flux.lanl.gov

config.status:635: creating src/Makevars

## ---------------- ##
## Cache variables. ##
## ---------------- ##

ac_cv_c_compiler_gnu=yes
ac_cv_env_CC_set=set
ac_cv_env_CC_value='gcc -m64'
ac_cv_env_CFLAGS_set=
ac_cv_env_CFLAGS_value=
ac_cv_env_CPPFLAGS_set=
ac_cv_env_CPPFLAGS_value=
ac_cv_env_LDFLAGS_set=
ac_cv_env_LDFLAGS_value=
ac_cv_env_build_alias_set=
ac_cv_env_build_alias_value=
ac_cv_env_host_alias_set=
ac_cv_env_host_alias_value=
ac_cv_env_target_alias_set=
ac_cv_env_target_alias_value=
ac_cv_exeext=
ac_cv_objext=o
ac_cv_path_INTLTOOL_PERL=/usr/bin/perl
ac_cv_prog_ac_ct_CC='gcc -m64'
ac_cv_prog_cc_g=yes
ac_cv_prog_cc_stdc=
ac_cv_search_H5open=-lhdf5
ac_cv_search_inflate=-lz

## ----------------- ##
## Output variables. ##
## ----------------- ##

CC='gcc -m64'
CFLAGS='-g -O2'
CPPFLAGS=' -I/Users/mdaniels/packages/hdf5/include '
DEFS='-DPACKAGE_NAME=\"\" -DPACKAGE_TARNAME=\"\" -DPACKAGE_VERSION=\"\" -DPACKAGE_STRING=\"\" -DPACKAGE_BUGREPORT=\"\" '
ECHO_C='ECHO_N=''
ECHO_T=''
EXEEXT=''
HDF5CPPFLAGS='-I/Users/mdaniels/packages/hdf5/include'
HDF5LDFLAGS='-L/Users/mdaniels/packages/hdf5/lib'
LDFLAGS='-L/Users/mdaniels/packages/hdf5/lib  '
LIBOBJS=''
LIBS='-lhdf5 -lz -lm'
LTLIBOBJS=''
OBJEXT='o'
PACKAGE_BUGREPORT=''
PACKAGE_NAME=''
PACKAGE_STRING=''
PACKAGE_TARNAME=''
PACKAGE_VERSION=''
PATH_SEPARATOR=':'
SHELL='/bin/sh'
ZLIBCPPFLAGS=''
ZLIBLDFLAGS=''
ac_ct_CC='gcc -m64'
bindir='${exec_prefix}/bin'
build_alias=''
datadir='${prefix}/share'
exec_prefix='${prefix}'
host_alias=''
includedir='${prefix}/include'
infodir='${prefix}/info'
libdir='${exec_prefix}/lib'
libexecdir='${exec_prefix}/libexec'
localstatedir='${prefix}/var'
mandir='${prefix}/man'
oldincludedir='/usr/include'
prefix='/usr/local'
program_transform_name='s,x,x,'
sbindir='${exec_prefix}/sbin'
sharedstatedir='${prefix}/com'
sysconfdir='${prefix}/etc'
target_alias=''

## ----------- ##
## confdefs.h. ##
## ----------- ##

#define PACKAGE_BUGREPORT ""
#define PACKAGE_NAME ""
#define PACKAGE_STRING ""
#define PACKAGE_TARNAME ""
#define PACKAGE_VERSION ""

configure: exit 0
